/usr/local/lib/python3.8/dist-packages/setuptools/dist.py:731: UserWarning: Usage of dash-separated 'script-dir' will not be supported in future versions. Please use the underscore name 'script_dir' instead
  warnings.warn(
/usr/local/lib/python3.8/dist-packages/setuptools/dist.py:731: UserWarning: Usage of dash-separated 'install-scripts' will not be supported in future versions. Please use the underscore name 'install_scripts' instead
  warnings.warn(
running egg_info
writing ../build/fogros2_examples/fogros2_examples.egg-info/PKG-INFO
writing dependency_links to ../build/fogros2_examples/fogros2_examples.egg-info/dependency_links.txt
writing entry points to ../build/fogros2_examples/fogros2_examples.egg-info/entry_points.txt
writing requirements to ../build/fogros2_examples/fogros2_examples.egg-info/requires.txt
writing top-level names to ../build/fogros2_examples/fogros2_examples.egg-info/top_level.txt
reading manifest file '../build/fogros2_examples/fogros2_examples.egg-info/SOURCES.txt'
running build
running build_py
running install
/usr/local/lib/python3.8/dist-packages/setuptools/command/install.py:34: SetuptoolsDeprecationWarning: setup.py install is deprecated. Use build and pip and other standards-based tools.
  warnings.warn(
running install_lib
copying /opt/ros2_ws/src/fogros2_examples/build/fogros2_examples/build/lib/fogros2_examples/__init__.py -> /opt/ros2_ws/src/fogros2_examples/install/fogros2_examples/lib/python3.8/site-packages/fogros2_examples
copying /opt/ros2_ws/src/fogros2_examples/build/fogros2_examples/build/lib/fogros2_examples/talker.py -> /opt/ros2_ws/src/fogros2_examples/install/fogros2_examples/lib/python3.8/site-packages/fogros2_examples
running install_data
running install_egg_info
running install_scripts
Installing talker script to /opt/ros2_ws/src/fogros2_examples/install/fogros2_examples/lib/fogros2_examples
