[0.352s] DEBUG:colcon:Command line arguments: ['/usr/bin/colcon', 'build']
[0.352s] DEBUG:colcon:Parsed command line arguments: Namespace(allow_overriding=[], ament_cmake_args=None, base_paths=['.'], build_base='build', catkin_cmake_args=None, catkin_skip_building_tests=False, cmake_args=None, cmake_clean_cache=False, cmake_clean_first=False, cmake_force_configure=False, cmake_target=None, cmake_target_skip_unavailable=False, continue_on_error=False, event_handlers=None, executor='parallel', ignore_user_meta=False, install_base='install', log_base=None, log_level=None, main=<bound method BuildVerb.main of <colcon_core.verb.build.BuildVerb object at 0x7fdceab503d0>>, merge_install=False, metas=['./colcon.meta'], mixin=None, mixin_files=None, mixin_verb=('build',), packages_above=None, packages_above_and_dependencies=None, packages_above_depth=None, packages_end=None, packages_ignore=None, packages_ignore_regex=None, packages_select=None, packages_select_build_failed=False, packages_select_by_dep=None, packages_select_regex=None, packages_select_test_failures=False, packages_skip=None, packages_skip_build_finished=False, packages_skip_by_dep=None, packages_skip_regex=None, packages_skip_test_passed=False, packages_skip_up_to=None, packages_start=None, packages_up_to=None, packages_up_to_regex=None, parallel_workers=8, paths=None, symlink_install=False, test_result_base=None, verb_extension=<colcon_core.verb.build.BuildVerb object at 0x7fdceab503d0>, verb_name='build', verb_parser=<colcon_mixin.mixin.mixin_argument.MixinArgumentDecorator object at 0x7fdcea31d940>)
[0.361s] Level 1:colcon.colcon_core.package_discovery:discover_packages(colcon_meta) check parameters
[0.362s] INFO:colcon.colcon_metadata.package_discovery.colcon_meta:Using configuration from '/root/.colcon/metadata/default/Gazebo.meta'
[0.362s] INFO:colcon.colcon_metadata.package_discovery.colcon_meta:Using configuration from '/root/.colcon/metadata/default/fastrtps.meta'
[0.362s] Level 1:colcon.colcon_core.package_discovery:discover_packages(recursive) check parameters
[0.362s] Level 1:colcon.colcon_core.package_discovery:discover_packages(ignore) check parameters
[0.362s] Level 1:colcon.colcon_core.package_discovery:discover_packages(path) check parameters
[0.362s] Level 1:colcon.colcon_core.package_discovery:discover_packages(colcon_meta) discover
[0.363s] Level 1:colcon.colcon_core.package_discovery:discover_packages(recursive) discover
[0.363s] INFO:colcon.colcon_core.package_discovery:Crawling recursively for packages in '/opt/ros2_ws/src/fogros2_examples'
[0.363s] Level 1:colcon.colcon_core.package_identification:_identify(.) by extensions ['ignore', 'ignore_ament_install']
[0.363s] Level 1:colcon.colcon_core.package_identification:_identify(.) by extension 'ignore'
[0.363s] Level 1:colcon.colcon_core.package_identification:_identify(.) by extension 'ignore_ament_install'
[0.363s] Level 1:colcon.colcon_core.package_identification:_identify(.) by extensions ['colcon_pkg']
[0.363s] Level 1:colcon.colcon_core.package_identification:_identify(.) by extension 'colcon_pkg'
[0.363s] Level 1:colcon.colcon_core.package_identification:_identify(.) by extensions ['colcon_meta']
[0.363s] Level 1:colcon.colcon_core.package_identification:_identify(.) by extension 'colcon_meta'
[0.363s] Level 1:colcon.colcon_core.package_identification:_identify(.) by extensions ['ros']
[0.363s] Level 1:colcon.colcon_core.package_identification:_identify(.) by extension 'ros'
[0.375s] Level 1:colcon.colcon_core.package_identification:_identify(.) by extensions ['cmake', 'python']
[0.375s] Level 1:colcon.colcon_core.package_identification:_identify(.) by extension 'cmake'
[0.375s] Level 1:colcon.colcon_core.package_identification:_identify(.) by extension 'python'
[0.375s] Level 1:colcon.colcon_core.package_identification:_identify(.) by extensions ['python_setup_py']
[0.375s] Level 1:colcon.colcon_core.package_identification:_identify(.) by extension 'python_setup_py'
[0.375s] Level 1:colcon.colcon_core.package_identification:_identify(build) by extensions ['ignore', 'ignore_ament_install']
[0.375s] Level 1:colcon.colcon_core.package_identification:_identify(build) by extension 'ignore'
[0.376s] Level 1:colcon.colcon_core.package_identification:_identify(build) ignored
[0.376s] Level 1:colcon.colcon_core.package_identification:_identify(fogros2_examples) by extensions ['ignore', 'ignore_ament_install']
[0.376s] Level 1:colcon.colcon_core.package_identification:_identify(fogros2_examples) by extension 'ignore'
[0.376s] Level 1:colcon.colcon_core.package_identification:_identify(fogros2_examples) by extension 'ignore_ament_install'
[0.376s] Level 1:colcon.colcon_core.package_identification:_identify(fogros2_examples) by extensions ['colcon_pkg']
[0.376s] Level 1:colcon.colcon_core.package_identification:_identify(fogros2_examples) by extension 'colcon_pkg'
[0.376s] Level 1:colcon.colcon_core.package_identification:_identify(fogros2_examples) by extensions ['colcon_meta']
[0.376s] Level 1:colcon.colcon_core.package_identification:_identify(fogros2_examples) by extension 'colcon_meta'
[0.376s] Level 1:colcon.colcon_core.package_identification:_identify(fogros2_examples) by extensions ['ros']
[0.376s] Level 1:colcon.colcon_core.package_identification:_identify(fogros2_examples) by extension 'ros'
[0.378s] DEBUG:colcon.colcon_core.package_identification:Package 'fogros2_examples' with type 'ros.ament_python' and name 'fogros2_examples'
[0.378s] Level 1:colcon.colcon_core.package_identification:_identify(install) by extensions ['ignore', 'ignore_ament_install']
[0.378s] Level 1:colcon.colcon_core.package_identification:_identify(install) by extension 'ignore'
[0.378s] Level 1:colcon.colcon_core.package_identification:_identify(install) ignored
[0.378s] Level 1:colcon.colcon_core.package_identification:_identify(log) by extensions ['ignore', 'ignore_ament_install']
[0.378s] Level 1:colcon.colcon_core.package_identification:_identify(log) by extension 'ignore'
[0.378s] Level 1:colcon.colcon_core.package_identification:_identify(log) ignored
[0.378s] Level 1:colcon.colcon_core.package_discovery:discover_packages(recursive) using defaults
[0.378s] Level 1:colcon.colcon_core.package_discovery:discover_packages(ignore) discover
[0.378s] Level 1:colcon.colcon_core.package_discovery:discover_packages(ignore) using defaults
[0.378s] Level 1:colcon.colcon_core.package_discovery:discover_packages(path) discover
[0.378s] Level 1:colcon.colcon_core.package_discovery:discover_packages(path) using defaults
[0.424s] Level 5:colcon.colcon_core.verb:set package 'fogros2_examples' build argument 'cmake_args' from command line to 'None'
[0.424s] Level 5:colcon.colcon_core.verb:set package 'fogros2_examples' build argument 'cmake_target' from command line to 'None'
[0.424s] Level 5:colcon.colcon_core.verb:set package 'fogros2_examples' build argument 'cmake_target_skip_unavailable' from command line to 'False'
[0.424s] Level 5:colcon.colcon_core.verb:set package 'fogros2_examples' build argument 'cmake_clean_cache' from command line to 'False'
[0.424s] Level 5:colcon.colcon_core.verb:set package 'fogros2_examples' build argument 'cmake_clean_first' from command line to 'False'
[0.424s] Level 5:colcon.colcon_core.verb:set package 'fogros2_examples' build argument 'cmake_force_configure' from command line to 'False'
[0.424s] Level 5:colcon.colcon_core.verb:set package 'fogros2_examples' build argument 'ament_cmake_args' from command line to 'None'
[0.424s] Level 5:colcon.colcon_core.verb:set package 'fogros2_examples' build argument 'catkin_cmake_args' from command line to 'None'
[0.424s] Level 5:colcon.colcon_core.verb:set package 'fogros2_examples' build argument 'catkin_skip_building_tests' from command line to 'False'
[0.424s] DEBUG:colcon.colcon_core.verb:Building package 'fogros2_examples' with the following arguments: {'ament_cmake_args': None, 'build_base': '/opt/ros2_ws/src/fogros2_examples/build/fogros2_examples', 'catkin_cmake_args': None, 'catkin_skip_building_tests': False, 'cmake_args': None, 'cmake_clean_cache': False, 'cmake_clean_first': False, 'cmake_force_configure': False, 'cmake_target': None, 'cmake_target_skip_unavailable': False, 'install_base': '/opt/ros2_ws/src/fogros2_examples/install/fogros2_examples', 'merge_install': False, 'path': '/opt/ros2_ws/src/fogros2_examples/fogros2_examples', 'symlink_install': False, 'test_result_base': None}
[0.442s] INFO:colcon.colcon_core.executor:Executing jobs using 'parallel' executor
[0.445s] DEBUG:colcon.colcon_parallel_executor.executor.parallel:run_until_complete
[0.445s] INFO:colcon.colcon_ros.task.ament_python.build:Building ROS package in '/opt/ros2_ws/src/fogros2_examples/fogros2_examples' with build type 'ament_python'
[0.445s] Level 1:colcon.colcon_core.shell:create_environment_hook('fogros2_examples', 'ament_prefix_path')
[0.451s] INFO:colcon.colcon_core.plugin_system:Skipping extension 'colcon_core.shell.bat': Not used on non-Windows systems
[0.452s] INFO:colcon.colcon_core.shell:Creating environment hook '/opt/ros2_ws/src/fogros2_examples/install/fogros2_examples/share/fogros2_examples/hook/ament_prefix_path.ps1'
[0.452s] INFO:colcon.colcon_core.shell:Creating environment descriptor '/opt/ros2_ws/src/fogros2_examples/install/fogros2_examples/share/fogros2_examples/hook/ament_prefix_path.dsv'
[0.452s] INFO:colcon.colcon_core.shell:Creating environment hook '/opt/ros2_ws/src/fogros2_examples/install/fogros2_examples/share/fogros2_examples/hook/ament_prefix_path.sh'
[0.453s] INFO:colcon.colcon_core.shell:Skip shell extension 'powershell' for command environment: Not usable outside of PowerShell
[0.453s] DEBUG:colcon.colcon_core.shell:Skip shell extension 'dsv' for command environment
[0.856s] INFO:colcon.colcon_core.task.python.build:Building Python package in '/opt/ros2_ws/src/fogros2_examples/fogros2_examples'
[0.857s] INFO:colcon.colcon_core.shell:Skip shell extension 'powershell' for command environment: Not usable outside of PowerShell
[0.857s] DEBUG:colcon.colcon_core.shell:Skip shell extension 'dsv' for command environment
[1.407s] DEBUG:colcon.colcon_core.event_handler.log_command:Invoking command in '/opt/ros2_ws/src/fogros2_examples/fogros2_examples': PYTHONPATH=/opt/ros2_ws/src/fogros2_examples/install/fogros2_examples/lib/python3.8/site-packages:${PYTHONPATH} /usr/bin/python3 setup.py egg_info --egg-base ../build/fogros2_examples build --build-base /opt/ros2_ws/src/fogros2_examples/build/fogros2_examples/build install --prefix /opt/ros2_ws/src/fogros2_examples/install/fogros2_examples --record /opt/ros2_ws/src/fogros2_examples/build/fogros2_examples/install.log --single-version-externally-managed
[1.858s] DEBUG:colcon.colcon_core.event_handler.log_command:Invoked command in '/opt/ros2_ws/src/fogros2_examples/fogros2_examples' returned '0': PYTHONPATH=/opt/ros2_ws/src/fogros2_examples/install/fogros2_examples/lib/python3.8/site-packages:${PYTHONPATH} /usr/bin/python3 setup.py egg_info --egg-base ../build/fogros2_examples build --build-base /opt/ros2_ws/src/fogros2_examples/build/fogros2_examples/build install --prefix /opt/ros2_ws/src/fogros2_examples/install/fogros2_examples --record /opt/ros2_ws/src/fogros2_examples/build/fogros2_examples/install.log --single-version-externally-managed
[1.865s] Level 1:colcon.colcon_core.environment:checking '/opt/ros2_ws/src/fogros2_examples/install/fogros2_examples' for CMake module files
[1.865s] Level 1:colcon.colcon_core.environment:checking '/opt/ros2_ws/src/fogros2_examples/install/fogros2_examples' for CMake config files
[1.866s] Level 1:colcon.colcon_core.environment:checking '/opt/ros2_ws/src/fogros2_examples/install/fogros2_examples/lib'
[1.866s] Level 1:colcon.colcon_core.environment:checking '/opt/ros2_ws/src/fogros2_examples/install/fogros2_examples/bin'
[1.866s] Level 1:colcon.colcon_core.environment:checking '/opt/ros2_ws/src/fogros2_examples/install/fogros2_examples/lib/pkgconfig/fogros2_examples.pc'
[1.866s] Level 1:colcon.colcon_core.environment:checking '/opt/ros2_ws/src/fogros2_examples/install/fogros2_examples/lib/python3.8/site-packages'
[1.866s] Level 1:colcon.colcon_core.shell:create_environment_hook('fogros2_examples', 'pythonpath')
[1.866s] INFO:colcon.colcon_core.shell:Creating environment hook '/opt/ros2_ws/src/fogros2_examples/install/fogros2_examples/share/fogros2_examples/hook/pythonpath.ps1'
[1.867s] INFO:colcon.colcon_core.shell:Creating environment descriptor '/opt/ros2_ws/src/fogros2_examples/install/fogros2_examples/share/fogros2_examples/hook/pythonpath.dsv'
[1.867s] INFO:colcon.colcon_core.shell:Creating environment hook '/opt/ros2_ws/src/fogros2_examples/install/fogros2_examples/share/fogros2_examples/hook/pythonpath.sh'
[1.867s] Level 1:colcon.colcon_core.environment:create_environment_scripts_only(fogros2_examples)
[1.868s] INFO:colcon.colcon_core.shell:Creating package script '/opt/ros2_ws/src/fogros2_examples/install/fogros2_examples/share/fogros2_examples/package.ps1'
[1.868s] INFO:colcon.colcon_core.shell:Creating package descriptor '/opt/ros2_ws/src/fogros2_examples/install/fogros2_examples/share/fogros2_examples/package.dsv'
[1.869s] INFO:colcon.colcon_core.shell:Creating package script '/opt/ros2_ws/src/fogros2_examples/install/fogros2_examples/share/fogros2_examples/package.sh'
[1.869s] INFO:colcon.colcon_core.shell:Creating package script '/opt/ros2_ws/src/fogros2_examples/install/fogros2_examples/share/fogros2_examples/package.bash'
[1.870s] INFO:colcon.colcon_core.shell:Creating package script '/opt/ros2_ws/src/fogros2_examples/install/fogros2_examples/share/fogros2_examples/package.zsh'
[1.870s] Level 1:colcon.colcon_core.environment:create_file_with_runtime_dependencies(/opt/ros2_ws/src/fogros2_examples/install/fogros2_examples/share/colcon-core/packages/fogros2_examples)
[1.871s] DEBUG:colcon.colcon_parallel_executor.executor.parallel:closing loop
[1.871s] DEBUG:colcon.colcon_parallel_executor.executor.parallel:loop closed
[1.871s] DEBUG:colcon.colcon_parallel_executor.executor.parallel:run_until_complete finished with '0'
[1.871s] DEBUG:colcon.colcon_core.event_reactor:joining thread
[1.882s] INFO:colcon.colcon_core.plugin_system:Skipping extension 'colcon_notification.desktop_notification.notify_send': Could not find 'notify-send'
[1.882s] INFO:colcon.colcon_core.plugin_system:Skipping extension 'colcon_notification.desktop_notification.terminal_notifier': Not used on non-Darwin systems
[1.882s] INFO:colcon.colcon_core.plugin_system:Skipping extension 'colcon_notification.desktop_notification.win32': Not used on non-Windows systems
[1.882s] INFO:colcon.colcon_notification.desktop_notification:Sending desktop notification using 'notify2'
[1.882s] DEBUG:colcon.colcon_notification.desktop_notification.notify2:Failed to initialize notify2: org.freedesktop.DBus.Error.NotSupported: Unable to autolaunch a dbus-daemon without a $DISPLAY for X11
[1.883s] DEBUG:colcon.colcon_core.event_reactor:joined thread
[1.883s] INFO:colcon.colcon_core.shell:Creating prefix script '/opt/ros2_ws/src/fogros2_examples/install/local_setup.ps1'
[1.884s] INFO:colcon.colcon_core.shell:Creating prefix util module '/opt/ros2_ws/src/fogros2_examples/install/_local_setup_util_ps1.py'
[1.885s] INFO:colcon.colcon_core.shell:Creating prefix chain script '/opt/ros2_ws/src/fogros2_examples/install/setup.ps1'
[1.895s] INFO:colcon.colcon_core.shell:Creating prefix script '/opt/ros2_ws/src/fogros2_examples/install/local_setup.sh'
[1.895s] INFO:colcon.colcon_core.shell:Creating prefix util module '/opt/ros2_ws/src/fogros2_examples/install/_local_setup_util_sh.py'
[1.895s] INFO:colcon.colcon_core.shell:Creating prefix chain script '/opt/ros2_ws/src/fogros2_examples/install/setup.sh'
[1.905s] INFO:colcon.colcon_core.shell:Creating prefix script '/opt/ros2_ws/src/fogros2_examples/install/local_setup.bash'
[1.905s] INFO:colcon.colcon_core.shell:Creating prefix chain script '/opt/ros2_ws/src/fogros2_examples/install/setup.bash'
[1.915s] INFO:colcon.colcon_core.shell:Creating prefix script '/opt/ros2_ws/src/fogros2_examples/install/local_setup.zsh'
[1.915s] INFO:colcon.colcon_core.shell:Creating prefix chain script '/opt/ros2_ws/src/fogros2_examples/install/setup.zsh'
